{"/Users/anchal.mishra/Desktop/React/React-Projects./src/components/Contact.js": {"path":"/Users/anchal.mishra/Desktop/React/React-Projects./src/components/Contact.js","statementMap":{"0":{"start":{"line":1,"column":14},"end":{"line":12,"column":1}},"1":{"start":{"line":2,"column":4},"end":{"line":11,"column":5}}},"fnMap":{"0":{"name":"(anonymous_0)","decl":{"start":{"line":1,"column":14},"end":{"line":1,"column":15}},"loc":{"start":{"line":1,"column":18},"end":{"line":12,"column":1}},"line":1}},"branchMap":{},"s":{"0":1,"1":4},"f":{"0":4},"b":{},"_coverageSchema":"1a1c01bbd47fc00a2c39e90264f33305004495a9","hash":"f524c376e3caa5633d17c6bacff7d2164e805add"}
,"/Users/anchal.mishra/Desktop/React/React-Projects./src/components/Header.js": {"path":"/Users/anchal.mishra/Desktop/React/React-Projects./src/components/Header.js","statementMap":{"0":{"start":{"line":5,"column":14},"end":{"line":50,"column":1}},"1":{"start":{"line":7,"column":42},"end":{"line":7,"column":59}},"2":{"start":{"line":8,"column":44},"end":{"line":8,"column":59}},"3":{"start":{"line":9,"column":27},"end":{"line":9,"column":50}},"4":{"start":{"line":11,"column":21},"end":{"line":11,"column":63}},"5":{"start":{"line":11,"column":43},"end":{"line":11,"column":62}},"6":{"start":{"line":14,"column":4},"end":{"line":49,"column":5}},"7":{"start":{"line":42,"column":20},"end":{"line":42,"column":96}}},"fnMap":{"0":{"name":"(anonymous_0)","decl":{"start":{"line":5,"column":14},"end":{"line":5,"column":15}},"loc":{"start":{"line":5,"column":18},"end":{"line":50,"column":1}},"line":5},"1":{"name":"(anonymous_1)","decl":{"start":{"line":11,"column":33},"end":{"line":11,"column":34}},"loc":{"start":{"line":11,"column":43},"end":{"line":11,"column":62}},"line":11},"2":{"name":"(anonymous_2)","decl":{"start":{"line":41,"column":51},"end":{"line":41,"column":52}},"loc":{"start":{"line":41,"column":55},"end":{"line":43,"column":17}},"line":41}},"branchMap":{"0":{"loc":{"start":{"line":22,"column":54},"end":{"line":22,"column":80}},"type":"cond-expr","locations":[{"start":{"line":22,"column":69},"end":{"line":22,"column":73}},{"start":{"line":22,"column":76},"end":{"line":22,"column":80}}],"line":22},"1":{"loc":{"start":{"line":42,"column":20},"end":{"line":42,"column":96}},"type":"cond-expr","locations":[{"start":{"line":42,"column":46},"end":{"line":42,"column":70}},{"start":{"line":42,"column":73},"end":{"line":42,"column":96}}],"line":42}},"s":{"0":1,"1":0,"2":0,"3":0,"4":0,"5":0,"6":0,"7":0},"f":{"0":0,"1":0,"2":0},"b":{"0":[0,0],"1":[0,0]},"_coverageSchema":"1a1c01bbd47fc00a2c39e90264f33305004495a9","hash":"6b6c08553e5f0a5212495c383a63bd8e874d4674"}
,"/Users/anchal.mishra/Desktop/React/React-Projects./src/components/sum.js": {"path":"/Users/anchal.mishra/Desktop/React/React-Projects./src/components/sum.js","statementMap":{"0":{"start":{"line":1,"column":19},"end":{"line":3,"column":1}},"1":{"start":{"line":2,"column":4},"end":{"line":2,"column":15}}},"fnMap":{"0":{"name":"(anonymous_0)","decl":{"start":{"line":1,"column":19},"end":{"line":1,"column":20}},"loc":{"start":{"line":1,"column":26},"end":{"line":3,"column":1}},"line":1}},"branchMap":{},"s":{"0":1,"1":1},"f":{"0":1},"b":{},"_coverageSchema":"1a1c01bbd47fc00a2c39e90264f33305004495a9","hash":"958abad4e1811ea5bfbe492aa637d7b237d120f3"}
,"/Users/anchal.mishra/Desktop/React/React-Projects./utils/UserContext.js": {"path":"/Users/anchal.mishra/Desktop/React/React-Projects./utils/UserContext.js","statementMap":{"0":{"start":{"line":3,"column":20},"end":{"line":5,"column":2}}},"fnMap":{},"branchMap":{},"s":{"0":1},"f":{},"b":{},"_coverageSchema":"1a1c01bbd47fc00a2c39e90264f33305004495a9","hash":"efc2bd584984b1949d3631541e12700064ea68f1"}
,"/Users/anchal.mishra/Desktop/React/React-Projects./utils/store/appStore.js": {"path":"/Users/anchal.mishra/Desktop/React/React-Projects./utils/store/appStore.js","statementMap":{"0":{"start":{"line":4,"column":17},"end":{"line":8,"column":2}}},"fnMap":{},"branchMap":{},"s":{"0":1},"f":{},"b":{},"_coverageSchema":"1a1c01bbd47fc00a2c39e90264f33305004495a9","hash":"1b91beab33a0c542f7c8f7c3016fe6b4561f2ec5"}
,"/Users/anchal.mishra/Desktop/React/React-Projects./utils/store/cartSlice.js": {"path":"/Users/anchal.mishra/Desktop/React/React-Projects./utils/store/cartSlice.js","statementMap":{"0":{"start":{"line":3,"column":18},"end":{"line":20,"column":2}},"1":{"start":{"line":11,"column":12},"end":{"line":11,"column":48}},"2":{"start":{"line":14,"column":12},"end":{"line":14,"column":33}},"3":{"start":{"line":17,"column":12},"end":{"line":17,"column":38}},"4":{"start":{"line":22,"column":47},"end":{"line":22,"column":64}}},"fnMap":{"0":{"name":"(anonymous_0)","decl":{"start":{"line":9,"column":17},"end":{"line":9,"column":18}},"loc":{"start":{"line":9,"column":34},"end":{"line":12,"column":9}},"line":9},"1":{"name":"(anonymous_1)","decl":{"start":{"line":13,"column":19},"end":{"line":13,"column":20}},"loc":{"start":{"line":13,"column":28},"end":{"line":15,"column":9}},"line":13},"2":{"name":"(anonymous_2)","decl":{"start":{"line":16,"column":19},"end":{"line":16,"column":20}},"loc":{"start":{"line":16,"column":28},"end":{"line":18,"column":9}},"line":16}},"branchMap":{},"s":{"0":1,"1":0,"2":0,"3":0,"4":1},"f":{"0":0,"1":0,"2":0},"b":{},"_coverageSchema":"1a1c01bbd47fc00a2c39e90264f33305004495a9","hash":"74453599b6b440f552e722d0324376e79c0645be"}
}
